<?xml version="1.0" encoding="UTF-8"?>
<testsuite xmlns:xsi="http://www.w3.org/2001/XMLSchema-instance" xsi:noNamespaceSchemaLocation="https://maven.apache.org/surefire/maven-surefire-plugin/xsd/surefire-test-report.xsd" name="org.example.AppTest" time="0.025" tests="1" errors="0" skipped="0" failures="0">
  <properties>
    <property name="sun.desktop" value="windows"/>
    <property name="awt.toolkit" value="sun.awt.windows.WToolkit"/>
    <property name="file.encoding.pkg" value="sun.io"/>
    <property name="java.specification.version" value="1.8"/>
    <property name="sun.cpu.isalist" value="amd64"/>
    <property name="sun.jnu.encoding" value="GBK"/>
    <property name="java.class.path" value="C:\Users\yangsenbin\IdeaProjects\beansSqlUdf\target\test-classes;C:\Users\yangsenbin\IdeaProjects\beansSqlUdf\target\classes;C:\Users\yangsenbin\.m2\repository\junit\junit\4.11\junit-4.11.jar;C:\Users\yangsenbin\.m2\repository\org\hamcrest\hamcrest-core\1.3\hamcrest-core-1.3.jar;C:\Users\yangsenbin\.m2\repository\org\apache\hive\hive-exec\1.1.0\hive-exec-1.1.0.jar;C:\Users\yangsenbin\.m2\repository\org\apache\hive\hive-ant\1.1.0\hive-ant-1.1.0.jar;C:\Users\yangsenbin\.m2\repository\commons-lang\commons-lang\2.6\commons-lang-2.6.jar;C:\Users\yangsenbin\.m2\repository\com\google\guava\guava\14.0.1\guava-14.0.1.jar;C:\Users\yangsenbin\.m2\repository\org\apache\velocity\velocity\1.5\velocity-1.5.jar;C:\Users\yangsenbin\.m2\repository\commons-collections\commons-collections\3.1\commons-collections-3.1.jar;C:\Users\yangsenbin\.m2\repository\oro\oro\2.0.8\oro-2.0.8.jar;C:\Users\yangsenbin\.m2\repository\org\apache\hive\hive-metastore\1.1.0\hive-metastore-1.1.0.jar;C:\Users\yangsenbin\.m2\repository\org\apache\hive\hive-serde\1.1.0\hive-serde-1.1.0.jar;C:\Users\yangsenbin\.m2\repository\org\apache\hive\hive-common\1.1.0\hive-common-1.1.0.jar;C:\Users\yangsenbin\.m2\repository\com\google\code\findbugs\jsr305\3.0.0\jsr305-3.0.0.jar;C:\Users\yangsenbin\.m2\repository\org\apache\avro\avro\1.7.5\avro-1.7.5.jar;C:\Users\yangsenbin\.m2\repository\org\codehaus\jackson\jackson-core-asl\1.9.13\jackson-core-asl-1.9.13.jar;C:\Users\yangsenbin\.m2\repository\org\codehaus\jackson\jackson-mapper-asl\1.9.13\jackson-mapper-asl-1.9.13.jar;C:\Users\yangsenbin\.m2\repository\com\thoughtworks\paranamer\paranamer\2.3\paranamer-2.3.jar;C:\Users\yangsenbin\.m2\repository\org\xerial\snappy\snappy-java\1.0.5\snappy-java-1.0.5.jar;C:\Users\yangsenbin\.m2\repository\net\sf\opencsv\opencsv\2.3\opencsv-2.3.jar;C:\Users\yangsenbin\.m2\repository\com\twitter\parquet-hadoop-bundle\1.6.0rc3\parquet-hadoop-bundle-1.6.0rc3.jar;C:\Users\yangsenbin\.m2\repository\com\jolbox\bonecp\0.8.0.RELEASE\bonecp-0.8.0.RELEASE.jar;C:\Users\yangsenbin\.m2\repository\commons-cli\commons-cli\1.2\commons-cli-1.2.jar;C:\Users\yangsenbin\.m2\repository\org\apache\derby\derby\10.11.1.1\derby-10.11.1.1.jar;C:\Users\yangsenbin\.m2\repository\org\datanucleus\datanucleus-api-jdo\3.2.6\datanucleus-api-jdo-3.2.6.jar;C:\Users\yangsenbin\.m2\repository\org\datanucleus\datanucleus-rdbms\3.2.9\datanucleus-rdbms-3.2.9.jar;C:\Users\yangsenbin\.m2\repository\commons-pool\commons-pool\1.5.4\commons-pool-1.5.4.jar;C:\Users\yangsenbin\.m2\repository\commons-dbcp\commons-dbcp\1.4\commons-dbcp-1.4.jar;C:\Users\yangsenbin\.m2\repository\javax\jdo\jdo-api\3.0.1\jdo-api-3.0.1.jar;C:\Users\yangsenbin\.m2\repository\javax\transaction\jta\1.1\jta-1.1.jar;C:\Users\yangsenbin\.m2\repository\org\apache\thrift\libthrift\0.9.2\libthrift-0.9.2.jar;C:\Users\yangsenbin\.m2\repository\org\apache\httpcomponents\httpclient\4.2.5\httpclient-4.2.5.jar;C:\Users\yangsenbin\.m2\repository\org\apache\httpcomponents\httpcore\4.2.4\httpcore-4.2.4.jar;C:\Users\yangsenbin\.m2\repository\org\apache\hive\hive-shims\1.1.0\hive-shims-1.1.0.jar;C:\Users\yangsenbin\.m2\repository\org\apache\hive\shims\hive-shims-common\1.1.0\hive-shims-common-1.1.0.jar;C:\Users\yangsenbin\.m2\repository\org\apache\hive\shims\hive-shims-0.20S\1.1.0\hive-shims-0.20S-1.1.0.jar;C:\Users\yangsenbin\.m2\repository\org\apache\hive\shims\hive-shims-0.23\1.1.0\hive-shims-0.23-1.1.0.jar;C:\Users\yangsenbin\.m2\repository\org\apache\hadoop\hadoop-yarn-server-resourcemanager\2.6.0\hadoop-yarn-server-resourcemanager-2.6.0.jar;C:\Users\yangsenbin\.m2\repository\org\apache\hadoop\hadoop-annotations\2.6.0\hadoop-annotations-2.6.0.jar;C:\Program Files\Java\jdk1.8.0_121\jre\..\lib\tools.jar;C:\Users\yangsenbin\.m2\repository\com\google\inject\extensions\guice-servlet\3.0\guice-servlet-3.0.jar;C:\Users\yangsenbin\.m2\repository\com\google\protobuf\protobuf-java\2.5.0\protobuf-java-2.5.0.jar;C:\Users\yangsenbin\.m2\repository\com\google\inject\guice\3.0\guice-3.0.jar;C:\Users\yangsenbin\.m2\repository\javax\inject\javax.inject\1\javax.inject-1.jar;C:\Users\yangsenbin\.m2\repository\aopalliance\aopalliance\1.0\aopalliance-1.0.jar;C:\Users\yangsenbin\.m2\repository\com\sun\jersey\jersey-json\1.9\jersey-json-1.9.jar;C:\Users\yangsenbin\.m2\repository\com\sun\xml\bind\jaxb-impl\2.2.3-1\jaxb-impl-2.2.3-1.jar;C:\Users\yangsenbin\.m2\repository\org\codehaus\jackson\jackson-jaxrs\1.8.3\jackson-jaxrs-1.8.3.jar;C:\Users\yangsenbin\.m2\repository\org\codehaus\jackson\jackson-xc\1.8.3\jackson-xc-1.8.3.jar;C:\Users\yangsenbin\.m2\repository\com\sun\jersey\contribs\jersey-guice\1.9\jersey-guice-1.9.jar;C:\Users\yangsenbin\.m2\repository\com\sun\jersey\jersey-server\1.9\jersey-server-1.9.jar;C:\Users\yangsenbin\.m2\repository\asm\asm\3.1\asm-3.1.jar;C:\Users\yangsenbin\.m2\repository\org\apache\hadoop\hadoop-yarn-common\2.6.0\hadoop-yarn-common-2.6.0.jar;C:\Users\yangsenbin\.m2\repository\org\apache\hadoop\hadoop-yarn-api\2.6.0\hadoop-yarn-api-2.6.0.jar;C:\Users\yangsenbin\.m2\repository\javax\xml\bind\jaxb-api\2.2.2\jaxb-api-2.2.2.jar;C:\Users\yangsenbin\.m2\repository\javax\xml\stream\stax-api\1.0-2\stax-api-1.0-2.jar;C:\Users\yangsenbin\.m2\repository\javax\activation\activation\1.1\activation-1.1.jar;C:\Users\yangsenbin\.m2\repository\org\codehaus\jettison\jettison\1.1\jettison-1.1.jar;C:\Users\yangsenbin\.m2\repository\com\sun\jersey\jersey-core\1.9\jersey-core-1.9.jar;C:\Users\yangsenbin\.m2\repository\com\sun\jersey\jersey-client\1.9\jersey-client-1.9.jar;C:\Users\yangsenbin\.m2\repository\org\mortbay\jetty\jetty-util\6.1.26\jetty-util-6.1.26.jar;C:\Users\yangsenbin\.m2\repository\org\apache\hadoop\hadoop-yarn-server-common\2.6.0\hadoop-yarn-server-common-2.6.0.jar;C:\Users\yangsenbin\.m2\repository\org\fusesource\leveldbjni\leveldbjni-all\1.8\leveldbjni-all-1.8.jar;C:\Users\yangsenbin\.m2\repository\org\apache\hadoop\hadoop-yarn-server-applicationhistoryservice\2.6.0\hadoop-yarn-server-applicationhistoryservice-2.6.0.jar;C:\Users\yangsenbin\.m2\repository\org\apache\hadoop\hadoop-yarn-server-web-proxy\2.6.0\hadoop-yarn-server-web-proxy-2.6.0.jar;C:\Users\yangsenbin\.m2\repository\org\mortbay\jetty\jetty\6.1.26\jetty-6.1.26.jar;C:\Users\yangsenbin\.m2\repository\org\apache\hive\shims\hive-shims-scheduler\1.1.0\hive-shims-scheduler-1.1.0.jar;C:\Users\yangsenbin\.m2\repository\commons-codec\commons-codec\1.4\commons-codec-1.4.jar;C:\Users\yangsenbin\.m2\repository\commons-httpclient\commons-httpclient\3.0.1\commons-httpclient-3.0.1.jar;C:\Users\yangsenbin\.m2\repository\commons-io\commons-io\2.4\commons-io-2.4.jar;C:\Users\yangsenbin\.m2\repository\commons-logging\commons-logging\1.1.3\commons-logging-1.1.3.jar;C:\Users\yangsenbin\.m2\repository\log4j\log4j\1.2.16\log4j-1.2.16.jar;C:\Users\yangsenbin\.m2\repository\log4j\apache-log4j-extras\1.2.17\apache-log4j-extras-1.2.17.jar;C:\Users\yangsenbin\.m2\repository\org\antlr\antlr-runtime\3.4\antlr-runtime-3.4.jar;C:\Users\yangsenbin\.m2\repository\org\antlr\stringtemplate\3.2.1\stringtemplate-3.2.1.jar;C:\Users\yangsenbin\.m2\repository\antlr\antlr\2.7.7\antlr-2.7.7.jar;C:\Users\yangsenbin\.m2\repository\org\antlr\ST4\4.0.4\ST4-4.0.4.jar;C:\Users\yangsenbin\.m2\repository\org\apache\ant\ant\1.9.1\ant-1.9.1.jar;C:\Users\yangsenbin\.m2\repository\org\apache\ant\ant-launcher\1.9.1\ant-launcher-1.9.1.jar;C:\Users\yangsenbin\.m2\repository\org\apache\commons\commons-compress\1.4.1\commons-compress-1.4.1.jar;C:\Users\yangsenbin\.m2\repository\org\tukaani\xz\1.0\xz-1.0.jar;C:\Users\yangsenbin\.m2\repository\org\apache\thrift\libfb303\0.9.2\libfb303-0.9.2.jar;C:\Users\yangsenbin\.m2\repository\org\apache\zookeeper\zookeeper\3.4.6\zookeeper-3.4.6.jar;C:\Users\yangsenbin\.m2\repository\io\netty\netty\3.7.0.Final\netty-3.7.0.Final.jar;C:\Users\yangsenbin\.m2\repository\org\apache\curator\curator-framework\2.6.0\curator-framework-2.6.0.jar;C:\Users\yangsenbin\.m2\repository\org\apache\curator\curator-client\2.6.0\curator-client-2.6.0.jar;C:\Users\yangsenbin\.m2\repository\org\codehaus\groovy\groovy-all\2.1.6\groovy-all-2.1.6.jar;C:\Users\yangsenbin\.m2\repository\org\datanucleus\datanucleus-core\3.2.10\datanucleus-core-3.2.10.jar;C:\Users\yangsenbin\.m2\repository\org\apache\calcite\calcite-core\1.0.0-incubating\calcite-core-1.0.0-incubating.jar;C:\Users\yangsenbin\.m2\repository\org\apache\calcite\calcite-linq4j\1.0.0-incubating\calcite-linq4j-1.0.0-incubating.jar;C:\Users\yangsenbin\.m2\repository\org\pentaho\pentaho-aggdesigner-algorithm\5.1.5-jhyde\pentaho-aggdesigner-algorithm-5.1.5-jhyde.jar;C:\Users\yangsenbin\.m2\repository\eigenbase\eigenbase-properties\1.1.4\eigenbase-properties-1.1.4.jar;C:\Users\yangsenbin\.m2\repository\org\codehaus\janino\janino\2.7.6\janino-2.7.6.jar;C:\Users\yangsenbin\.m2\repository\org\codehaus\janino\commons-compiler\2.7.6\commons-compiler-2.7.6.jar;C:\Users\yangsenbin\.m2\repository\org\apache\calcite\calcite-avatica\1.0.0-incubating\calcite-avatica-1.0.0-incubating.jar;C:\Users\yangsenbin\.m2\repository\stax\stax-api\1.0.1\stax-api-1.0.1.jar;C:\Users\yangsenbin\.m2\repository\jline\jline\2.12\jline-2.12.jar;C:\Users\yangsenbin\.m2\repository\org\slf4j\slf4j-api\1.7.5\slf4j-api-1.7.5.jar;C:\Users\yangsenbin\.m2\repository\org\slf4j\slf4j-log4j12\1.7.5\slf4j-log4j12-1.7.5.jar;"/>
    <property name="java.vm.vendor" value="Oracle Corporation"/>
    <property name="sun.arch.data.model" value="64"/>
    <property name="user.variant" value=""/>
    <property name="java.vendor.url" value="http://java.oracle.com/"/>
    <property name="user.timezone" value="Asia/Shanghai"/>
    <property name="java.vm.specification.version" value="1.8"/>
    <property name="os.name" value="Windows 10"/>
    <property name="user.country" value="CN"/>
    <property name="sun.java.launcher" value="SUN_STANDARD"/>
    <property name="sun.boot.library.path" value="C:\Program Files\Java\jdk1.8.0_121\jre\bin"/>
    <property name="sun.java.command" value="C:\Users\YANGSE~1\AppData\Local\Temp\surefire8215422387891721710\surefirebooter318433806449142327.jar C:\Users\yangsenbin\AppData\Local\Temp\surefire8215422387891721710 2021-04-30T15-14-53_771-jvmRun1 surefire2072033227703544591tmp surefire_06602424389104772818tmp"/>
    <property name="surefire.test.class.path" value="C:\Users\yangsenbin\IdeaProjects\beansSqlUdf\target\test-classes;C:\Users\yangsenbin\IdeaProjects\beansSqlUdf\target\classes;C:\Users\yangsenbin\.m2\repository\junit\junit\4.11\junit-4.11.jar;C:\Users\yangsenbin\.m2\repository\org\hamcrest\hamcrest-core\1.3\hamcrest-core-1.3.jar;C:\Users\yangsenbin\.m2\repository\org\apache\hive\hive-exec\1.1.0\hive-exec-1.1.0.jar;C:\Users\yangsenbin\.m2\repository\org\apache\hive\hive-ant\1.1.0\hive-ant-1.1.0.jar;C:\Users\yangsenbin\.m2\repository\commons-lang\commons-lang\2.6\commons-lang-2.6.jar;C:\Users\yangsenbin\.m2\repository\com\google\guava\guava\14.0.1\guava-14.0.1.jar;C:\Users\yangsenbin\.m2\repository\org\apache\velocity\velocity\1.5\velocity-1.5.jar;C:\Users\yangsenbin\.m2\repository\commons-collections\commons-collections\3.1\commons-collections-3.1.jar;C:\Users\yangsenbin\.m2\repository\oro\oro\2.0.8\oro-2.0.8.jar;C:\Users\yangsenbin\.m2\repository\org\apache\hive\hive-metastore\1.1.0\hive-metastore-1.1.0.jar;C:\Users\yangsenbin\.m2\repository\org\apache\hive\hive-serde\1.1.0\hive-serde-1.1.0.jar;C:\Users\yangsenbin\.m2\repository\org\apache\hive\hive-common\1.1.0\hive-common-1.1.0.jar;C:\Users\yangsenbin\.m2\repository\com\google\code\findbugs\jsr305\3.0.0\jsr305-3.0.0.jar;C:\Users\yangsenbin\.m2\repository\org\apache\avro\avro\1.7.5\avro-1.7.5.jar;C:\Users\yangsenbin\.m2\repository\org\codehaus\jackson\jackson-core-asl\1.9.13\jackson-core-asl-1.9.13.jar;C:\Users\yangsenbin\.m2\repository\org\codehaus\jackson\jackson-mapper-asl\1.9.13\jackson-mapper-asl-1.9.13.jar;C:\Users\yangsenbin\.m2\repository\com\thoughtworks\paranamer\paranamer\2.3\paranamer-2.3.jar;C:\Users\yangsenbin\.m2\repository\org\xerial\snappy\snappy-java\1.0.5\snappy-java-1.0.5.jar;C:\Users\yangsenbin\.m2\repository\net\sf\opencsv\opencsv\2.3\opencsv-2.3.jar;C:\Users\yangsenbin\.m2\repository\com\twitter\parquet-hadoop-bundle\1.6.0rc3\parquet-hadoop-bundle-1.6.0rc3.jar;C:\Users\yangsenbin\.m2\repository\com\jolbox\bonecp\0.8.0.RELEASE\bonecp-0.8.0.RELEASE.jar;C:\Users\yangsenbin\.m2\repository\commons-cli\commons-cli\1.2\commons-cli-1.2.jar;C:\Users\yangsenbin\.m2\repository\org\apache\derby\derby\10.11.1.1\derby-10.11.1.1.jar;C:\Users\yangsenbin\.m2\repository\org\datanucleus\datanucleus-api-jdo\3.2.6\datanucleus-api-jdo-3.2.6.jar;C:\Users\yangsenbin\.m2\repository\org\datanucleus\datanucleus-rdbms\3.2.9\datanucleus-rdbms-3.2.9.jar;C:\Users\yangsenbin\.m2\repository\commons-pool\commons-pool\1.5.4\commons-pool-1.5.4.jar;C:\Users\yangsenbin\.m2\repository\commons-dbcp\commons-dbcp\1.4\commons-dbcp-1.4.jar;C:\Users\yangsenbin\.m2\repository\javax\jdo\jdo-api\3.0.1\jdo-api-3.0.1.jar;C:\Users\yangsenbin\.m2\repository\javax\transaction\jta\1.1\jta-1.1.jar;C:\Users\yangsenbin\.m2\repository\org\apache\thrift\libthrift\0.9.2\libthrift-0.9.2.jar;C:\Users\yangsenbin\.m2\repository\org\apache\httpcomponents\httpclient\4.2.5\httpclient-4.2.5.jar;C:\Users\yangsenbin\.m2\repository\org\apache\httpcomponents\httpcore\4.2.4\httpcore-4.2.4.jar;C:\Users\yangsenbin\.m2\repository\org\apache\hive\hive-shims\1.1.0\hive-shims-1.1.0.jar;C:\Users\yangsenbin\.m2\repository\org\apache\hive\shims\hive-shims-common\1.1.0\hive-shims-common-1.1.0.jar;C:\Users\yangsenbin\.m2\repository\org\apache\hive\shims\hive-shims-0.20S\1.1.0\hive-shims-0.20S-1.1.0.jar;C:\Users\yangsenbin\.m2\repository\org\apache\hive\shims\hive-shims-0.23\1.1.0\hive-shims-0.23-1.1.0.jar;C:\Users\yangsenbin\.m2\repository\org\apache\hadoop\hadoop-yarn-server-resourcemanager\2.6.0\hadoop-yarn-server-resourcemanager-2.6.0.jar;C:\Users\yangsenbin\.m2\repository\org\apache\hadoop\hadoop-annotations\2.6.0\hadoop-annotations-2.6.0.jar;C:\Program Files\Java\jdk1.8.0_121\jre\..\lib\tools.jar;C:\Users\yangsenbin\.m2\repository\com\google\inject\extensions\guice-servlet\3.0\guice-servlet-3.0.jar;C:\Users\yangsenbin\.m2\repository\com\google\protobuf\protobuf-java\2.5.0\protobuf-java-2.5.0.jar;C:\Users\yangsenbin\.m2\repository\com\google\inject\guice\3.0\guice-3.0.jar;C:\Users\yangsenbin\.m2\repository\javax\inject\javax.inject\1\javax.inject-1.jar;C:\Users\yangsenbin\.m2\repository\aopalliance\aopalliance\1.0\aopalliance-1.0.jar;C:\Users\yangsenbin\.m2\repository\com\sun\jersey\jersey-json\1.9\jersey-json-1.9.jar;C:\Users\yangsenbin\.m2\repository\com\sun\xml\bind\jaxb-impl\2.2.3-1\jaxb-impl-2.2.3-1.jar;C:\Users\yangsenbin\.m2\repository\org\codehaus\jackson\jackson-jaxrs\1.8.3\jackson-jaxrs-1.8.3.jar;C:\Users\yangsenbin\.m2\repository\org\codehaus\jackson\jackson-xc\1.8.3\jackson-xc-1.8.3.jar;C:\Users\yangsenbin\.m2\repository\com\sun\jersey\contribs\jersey-guice\1.9\jersey-guice-1.9.jar;C:\Users\yangsenbin\.m2\repository\com\sun\jersey\jersey-server\1.9\jersey-server-1.9.jar;C:\Users\yangsenbin\.m2\repository\asm\asm\3.1\asm-3.1.jar;C:\Users\yangsenbin\.m2\repository\org\apache\hadoop\hadoop-yarn-common\2.6.0\hadoop-yarn-common-2.6.0.jar;C:\Users\yangsenbin\.m2\repository\org\apache\hadoop\hadoop-yarn-api\2.6.0\hadoop-yarn-api-2.6.0.jar;C:\Users\yangsenbin\.m2\repository\javax\xml\bind\jaxb-api\2.2.2\jaxb-api-2.2.2.jar;C:\Users\yangsenbin\.m2\repository\javax\xml\stream\stax-api\1.0-2\stax-api-1.0-2.jar;C:\Users\yangsenbin\.m2\repository\javax\activation\activation\1.1\activation-1.1.jar;C:\Users\yangsenbin\.m2\repository\org\codehaus\jettison\jettison\1.1\jettison-1.1.jar;C:\Users\yangsenbin\.m2\repository\com\sun\jersey\jersey-core\1.9\jersey-core-1.9.jar;C:\Users\yangsenbin\.m2\repository\com\sun\jersey\jersey-client\1.9\jersey-client-1.9.jar;C:\Users\yangsenbin\.m2\repository\org\mortbay\jetty\jetty-util\6.1.26\jetty-util-6.1.26.jar;C:\Users\yangsenbin\.m2\repository\org\apache\hadoop\hadoop-yarn-server-common\2.6.0\hadoop-yarn-server-common-2.6.0.jar;C:\Users\yangsenbin\.m2\repository\org\fusesource\leveldbjni\leveldbjni-all\1.8\leveldbjni-all-1.8.jar;C:\Users\yangsenbin\.m2\repository\org\apache\hadoop\hadoop-yarn-server-applicationhistoryservice\2.6.0\hadoop-yarn-server-applicationhistoryservice-2.6.0.jar;C:\Users\yangsenbin\.m2\repository\org\apache\hadoop\hadoop-yarn-server-web-proxy\2.6.0\hadoop-yarn-server-web-proxy-2.6.0.jar;C:\Users\yangsenbin\.m2\repository\org\mortbay\jetty\jetty\6.1.26\jetty-6.1.26.jar;C:\Users\yangsenbin\.m2\repository\org\apache\hive\shims\hive-shims-scheduler\1.1.0\hive-shims-scheduler-1.1.0.jar;C:\Users\yangsenbin\.m2\repository\commons-codec\commons-codec\1.4\commons-codec-1.4.jar;C:\Users\yangsenbin\.m2\repository\commons-httpclient\commons-httpclient\3.0.1\commons-httpclient-3.0.1.jar;C:\Users\yangsenbin\.m2\repository\commons-io\commons-io\2.4\commons-io-2.4.jar;C:\Users\yangsenbin\.m2\repository\commons-logging\commons-logging\1.1.3\commons-logging-1.1.3.jar;C:\Users\yangsenbin\.m2\repository\log4j\log4j\1.2.16\log4j-1.2.16.jar;C:\Users\yangsenbin\.m2\repository\log4j\apache-log4j-extras\1.2.17\apache-log4j-extras-1.2.17.jar;C:\Users\yangsenbin\.m2\repository\org\antlr\antlr-runtime\3.4\antlr-runtime-3.4.jar;C:\Users\yangsenbin\.m2\repository\org\antlr\stringtemplate\3.2.1\stringtemplate-3.2.1.jar;C:\Users\yangsenbin\.m2\repository\antlr\antlr\2.7.7\antlr-2.7.7.jar;C:\Users\yangsenbin\.m2\repository\org\antlr\ST4\4.0.4\ST4-4.0.4.jar;C:\Users\yangsenbin\.m2\repository\org\apache\ant\ant\1.9.1\ant-1.9.1.jar;C:\Users\yangsenbin\.m2\repository\org\apache\ant\ant-launcher\1.9.1\ant-launcher-1.9.1.jar;C:\Users\yangsenbin\.m2\repository\org\apache\commons\commons-compress\1.4.1\commons-compress-1.4.1.jar;C:\Users\yangsenbin\.m2\repository\org\tukaani\xz\1.0\xz-1.0.jar;C:\Users\yangsenbin\.m2\repository\org\apache\thrift\libfb303\0.9.2\libfb303-0.9.2.jar;C:\Users\yangsenbin\.m2\repository\org\apache\zookeeper\zookeeper\3.4.6\zookeeper-3.4.6.jar;C:\Users\yangsenbin\.m2\repository\io\netty\netty\3.7.0.Final\netty-3.7.0.Final.jar;C:\Users\yangsenbin\.m2\repository\org\apache\curator\curator-framework\2.6.0\curator-framework-2.6.0.jar;C:\Users\yangsenbin\.m2\repository\org\apache\curator\curator-client\2.6.0\curator-client-2.6.0.jar;C:\Users\yangsenbin\.m2\repository\org\codehaus\groovy\groovy-all\2.1.6\groovy-all-2.1.6.jar;C:\Users\yangsenbin\.m2\repository\org\datanucleus\datanucleus-core\3.2.10\datanucleus-core-3.2.10.jar;C:\Users\yangsenbin\.m2\repository\org\apache\calcite\calcite-core\1.0.0-incubating\calcite-core-1.0.0-incubating.jar;C:\Users\yangsenbin\.m2\repository\org\apache\calcite\calcite-linq4j\1.0.0-incubating\calcite-linq4j-1.0.0-incubating.jar;C:\Users\yangsenbin\.m2\repository\org\pentaho\pentaho-aggdesigner-algorithm\5.1.5-jhyde\pentaho-aggdesigner-algorithm-5.1.5-jhyde.jar;C:\Users\yangsenbin\.m2\repository\eigenbase\eigenbase-properties\1.1.4\eigenbase-properties-1.1.4.jar;C:\Users\yangsenbin\.m2\repository\org\codehaus\janino\janino\2.7.6\janino-2.7.6.jar;C:\Users\yangsenbin\.m2\repository\org\codehaus\janino\commons-compiler\2.7.6\commons-compiler-2.7.6.jar;C:\Users\yangsenbin\.m2\repository\org\apache\calcite\calcite-avatica\1.0.0-incubating\calcite-avatica-1.0.0-incubating.jar;C:\Users\yangsenbin\.m2\repository\stax\stax-api\1.0.1\stax-api-1.0.1.jar;C:\Users\yangsenbin\.m2\repository\jline\jline\2.12\jline-2.12.jar;C:\Users\yangsenbin\.m2\repository\org\slf4j\slf4j-api\1.7.5\slf4j-api-1.7.5.jar;C:\Users\yangsenbin\.m2\repository\org\slf4j\slf4j-log4j12\1.7.5\slf4j-log4j12-1.7.5.jar;"/>
    <property name="sun.cpu.endian" value="little"/>
    <property name="user.home" value="C:\Users\yangsenbin"/>
    <property name="user.language" value="zh"/>
    <property name="java.specification.vendor" value="Oracle Corporation"/>
    <property name="java.home" value="C:\Program Files\Java\jdk1.8.0_121\jre"/>
    <property name="basedir" value="C:\Users\yangsenbin\IdeaProjects\beansSqlUdf"/>
    <property name="file.separator" value="\"/>
    <property name="line.separator" value="&#10;"/>
    <property name="java.vm.specification.vendor" value="Oracle Corporation"/>
    <property name="java.specification.name" value="Java Platform API Specification"/>
    <property name="java.awt.graphicsenv" value="sun.awt.Win32GraphicsEnvironment"/>
    <property name="surefire.real.class.path" value="C:\Users\YANGSE~1\AppData\Local\Temp\surefire8215422387891721710\surefirebooter318433806449142327.jar"/>
    <property name="sun.boot.class.path" value="C:\Program Files\Java\jdk1.8.0_121\jre\lib\resources.jar;C:\Program Files\Java\jdk1.8.0_121\jre\lib\rt.jar;C:\Program Files\Java\jdk1.8.0_121\jre\lib\sunrsasign.jar;C:\Program Files\Java\jdk1.8.0_121\jre\lib\jsse.jar;C:\Program Files\Java\jdk1.8.0_121\jre\lib\jce.jar;C:\Program Files\Java\jdk1.8.0_121\jre\lib\charsets.jar;C:\Program Files\Java\jdk1.8.0_121\jre\lib\jfr.jar;C:\Program Files\Java\jdk1.8.0_121\jre\classes"/>
    <property name="user.script" value=""/>
    <property name="sun.management.compiler" value="HotSpot 64-Bit Tiered Compilers"/>
    <property name="java.runtime.version" value="1.8.0_121-b13"/>
    <property name="user.name" value="yangsenbin"/>
    <property name="path.separator" value=";"/>
    <property name="os.version" value="10.0"/>
    <property name="java.endorsed.dirs" value="C:\Program Files\Java\jdk1.8.0_121\jre\lib\endorsed"/>
    <property name="java.runtime.name" value="Java(TM) SE Runtime Environment"/>
    <property name="file.encoding" value="GBK"/>
    <property name="java.vm.name" value="Java HotSpot(TM) 64-Bit Server VM"/>
    <property name="localRepository" value="C:\Users\yangsenbin\.m2\repository"/>
    <property name="java.vendor.url.bug" value="http://bugreport.sun.com/bugreport/"/>
    <property name="java.io.tmpdir" value="C:\Users\YANGSE~1\AppData\Local\Temp\"/>
    <property name="idea.version" value="2020.3"/>
    <property name="java.version" value="1.8.0_121"/>
    <property name="user.dir" value="C:\Users\yangsenbin\IdeaProjects\beansSqlUdf"/>
    <property name="os.arch" value="amd64"/>
    <property name="java.vm.specification.name" value="Java Virtual Machine Specification"/>
    <property name="java.awt.printerjob" value="sun.awt.windows.WPrinterJob"/>
    <property name="sun.os.patch.level" value=""/>
    <property name="java.library.path" value="C:\Program Files\Java\jdk1.8.0_121\jre\bin;C:\WINDOWS\Sun\Java\bin;C:\WINDOWS\system32;C:\WINDOWS;D:\tools\Xftp6\;D:\tools\Xshell6\;C:\ProgramData\Oracle\Java\javapath;C:\WINDOWS\system32;C:\WINDOWS;C:\WINDOWS\System32\Wbem;C:\WINDOWS\System32\WindowsPowerShell\v1.0\;C:\WINDOWS\System32\OpenSSH\;C:\Program Files (x86)\scala\bin;C:\Program Files\TortoiseGit\bin;C:\Program Files\Git\cmd\;C:\Program Files (x86)\Yozosoft\Yozo_Office\Lib\xuggler\bin;D:\software\apache-maven-3.6.3\bin;C:\Program Files\Java\jdk1.8.0_121\bin;C:\Program Files\Java\jdk1.8.0_121\jre\bin;C:\Anaconda3;C:\Anaconda3\Library\mingw-w64\bin;C:\Anaconda3\Library\usr\bin;C:\Anaconda3\Library\bin;C:\Anaconda3\Scripts;D:\software;D:\software\Library\mingw-w64\bin;D:\software\Library\usr\bin;D:\software\Library\bin;D:\software\Scripts;C:\Users\yangsenbin\AppData\Local\Microsoft\WindowsApps;D:\software\bigdata\spark\bin;D:\software\bigdata\spark\sbin;D:\software\bigdata\hadoop\bin;D:\software\bigdata\hadoop\sbin;D:\tools\JetBrains\IntelliJ IDEA 2020.3\bin;;D:\software\apache-maven-3.6.3;D:\tools\JetBrains\PyCharm 2020.3.3\bin;;."/>
    <property name="java.vm.info" value="mixed mode"/>
    <property name="java.vendor" value="Oracle Corporation"/>
    <property name="java.vm.version" value="25.121-b13"/>
    <property name="java.ext.dirs" value="C:\Program Files\Java\jdk1.8.0_121\jre\lib\ext;C:\WINDOWS\Sun\Java\lib\ext"/>
    <property name="sun.io.unicode.encoding" value="UnicodeLittle"/>
    <property name="java.class.version" value="52.0"/>
  </properties>
  <testcase name="shouldAnswerWithTrue" classname="org.example.AppTest" time="0.001"/>
</testsuite>